<?xml version="1.0" encoding="UTF-8"?>
<!-- Generated by org.testng.reporters.JUnitReportReporter -->
<testsuite hostname="AKSHAYKAN-W7" name="TestPOM" tests="1" failures="0" timestamp="29 Nov 2016 11:54:53 GMT" time="1.678" errors="0">
  <testcase name="callingMethods" time="1.678" classname="TestPOM"/>
</testsuite> <!-- TestPOM -->
